<?xml version="1.0" encoding="UTF-8"?>
<testng-results ignored="0" total="1" passed="1" failed="0" skipped="0">
  <reporter-output>
  </reporter-output>
  <suite started-at="2021-06-28T11:11:58 BST" name="Default suite" finished-at="2021-06-28T11:13:33 BST" duration-ms="94938">
    <groups>
    </groups>
    <test started-at="2021-06-28T11:11:58 BST" name="Default test" finished-at="2021-06-28T11:13:33 BST" duration-ms="94938">
      <class name="dcf.script.stepdef.CA01_Testng">
        <test-method signature="loginandroles()[pri:0, instance:dcf.script.stepdef.CA01_Testng@1ce61929]" started-at="2021-06-28T11:11:58 BST" name="loginandroles" finished-at="2021-06-28T11:13:33 BST" duration-ms="94907" status="PASS">
          <reporter-output>
          </reporter-output>
        </test-method> <!-- loginandroles -->
      </class> <!-- dcf.script.stepdef.CA01_Testng -->
    </test> <!-- Default test -->
  </suite> <!-- Default suite -->
</testng-results>
